[debug] > Exec(early(addDefaultCommands), None, None)
[debug] > Exec(addDefaultCommands, None, None)
[debug] > Exec(early(initialize), None, None)
[debug] > Exec(initialize, None, None)
[debug] > Exec(boot, None, None)
[debug] > Exec(writeSbtVersion, None, None)
[debug] > Exec(reload, None, None)
[debug] > Exec(sbtStashOnFailure, None, None)
[debug] > Exec(onFailure loadFailed, None, None)
[debug] > Exec(loadp, None, None)
[info] welcome to sbt 1.9.7 (Ubuntu Java 17.0.13)
[debug] Load.defaultLoad until apply took 121.471902ms
[debug]           Load.loadUnit: plugins took 85.996953ms
[debug]           Load.loadUnit: defsScala took 0.397884ms
[debug] [Loading] Scanning directory /home/valeriie/Scala/Project/project
[debug] [Loading] Found non-root projects 
[debug] [Loading] Done in /home/valeriie/Scala/Project/project, returning: ()
[debug] deducing auto plugins based on known facts Set(Atom(sbt.plugins.CorePlugin)) and clauses Clauses(Clause(Atom(sbt.plugins.JvmPlugin),Set(Atom(sbt.plugins.IvyPlugin)))
[debug] Clause(Atom(sbt.ScriptedPlugin),Set(Atom(sbt.plugins.JvmPlugin)))
[debug] Clause(Atom(sbt.plugins.SbtPlugin),Set(Atom(sbt.ScriptedPlugin)))
[debug] Clause(Atom(sbt.plugins.SemanticdbPlugin),Set(Atom(sbt.plugins.JvmPlugin)))
[debug] Clause(Atom(sbt.plugins.JUnitXmlReportPlugin),Set(Atom(sbt.plugins.JvmPlugin)))
[debug] Clause(Atom(sbt.plugins.MiniDependencyTreePlugin),Set(Atom(sbt.plugins.JvmPlugin)))
[debug] Clause(Atom(sbt.plugins.CorePlugin),Set(Atom(sbt.plugins.IvyPlugin)))
[debug] Clause(Atom(sbt.plugins.IvyPlugin),Set(Atom(sbt.plugins.JvmPlugin)))
[debug] Clause(Atom(sbt.plugins.JvmPlugin),Set(Atom(sbt.plugins.SemanticdbPlugin)))
[debug] Clause(Atom(sbt.plugins.JvmPlugin),Set(Atom(sbt.plugins.JUnitXmlReportPlugin)))
[debug] Clause(Atom(sbt.plugins.CorePlugin),Set(Atom(sbt.plugins.Giter8TemplatePlugin)))
[debug] Clause(Atom(sbt.plugins.JvmPlugin),Set(Atom(sbt.plugins.MiniDependencyTreePlugin))))
[debug]   :: deduced result: Matched(sbt.plugins.CorePlugin,sbt.plugins.Giter8TemplatePlugin,sbt.plugins.IvyPlugin,sbt.plugins.JvmPlugin,sbt.plugins.MiniDependencyTreePlugin,sbt.plugins.JUnitXmlReportPlugin,sbt.plugins.SemanticdbPlugin)
[debug] Plugins.deducer#function took 21.109612 ms
[debug]               Load.resolveProject(project-build) took 52.450736ms
[debug]             Load.loadTransitive: finalizeProject(Project(id project-build, base: /home/valeriie/Scala/Project/project, plugins: List(<none>))) took 98.75357ms
[debug] [Loading] Done in /home/valeriie/Scala/Project/project, returning: (project-build)
[debug]           Load.loadUnit: loadedProjectsRaw took 124.634726ms
[debug]           Load.loadUnit: cleanEvalClasses took 0.260577ms
[debug]         Load.loadUnit(file:/home/valeriie/Scala/Project/project/, ...) took 219.109341ms
[debug]       Load.apply: load took 478.93311ms
[debug]       Load.apply: resolveProjects took 11.542918ms
[debug]       Load.apply: finalTransforms took 111.579818ms
[debug]       Load.apply: config.delegates took 10.401016ms
[debug]       Load.apply: Def.make(settings)... took 431.766692ms
[debug]       Load.apply: structureIndex took 130.518769ms
[debug]       Load.apply: mkStreams took 1.56933ms
[info] loading project definition from /home/valeriie/Scala/Project/project
[debug] Running task... Cancel: Signal, check cycles: false, forcegc: true
[debug]     Load.loadUnit: plugins took 2315.961966ms
[debug]     Load.loadUnit: defsScala took 0.008172ms
[debug] [Loading] Scanning directory /home/valeriie/Scala/Project
[debug]       Load.loadUnit: mkEval took 10.85659ms
[debug] [Loading] Found non-root projects 
[debug] [Loading] Done in /home/valeriie/Scala/Project, returning: ()
[debug] deducing auto plugins based on known facts Set(Atom(sbt.plugins.CorePlugin)) and clauses Clauses(Clause(Atom(sbt.plugins.JvmPlugin),Set(Atom(sbt.plugins.IvyPlugin)))
[debug] Clause(Atom(sbt.ScriptedPlugin),Set(Atom(sbt.plugins.JvmPlugin)))
[debug] Clause(Atom(sbt.plugins.SbtPlugin),Set(Atom(sbt.ScriptedPlugin)))
[debug] Clause(Atom(sbt.plugins.SemanticdbPlugin),Set(Atom(sbt.plugins.JvmPlugin)))
[debug] Clause(Atom(sbt.plugins.JUnitXmlReportPlugin),Set(Atom(sbt.plugins.JvmPlugin)))
[debug] Clause(Atom(sbt.plugins.MiniDependencyTreePlugin),Set(Atom(sbt.plugins.JvmPlugin)))
[debug] Clause(Atom(sbt.plugins.CorePlugin),Set(Atom(sbt.plugins.IvyPlugin)))
[debug] Clause(Atom(sbt.plugins.IvyPlugin),Set(Atom(sbt.plugins.JvmPlugin)))
[debug] Clause(Atom(sbt.plugins.JvmPlugin),Set(Atom(sbt.plugins.SemanticdbPlugin)))
[debug] Clause(Atom(sbt.plugins.JvmPlugin),Set(Atom(sbt.plugins.JUnitXmlReportPlugin)))
[debug] Clause(Atom(sbt.plugins.CorePlugin),Set(Atom(sbt.plugins.Giter8TemplatePlugin)))
[debug] Clause(Atom(sbt.plugins.JvmPlugin),Set(Atom(sbt.plugins.MiniDependencyTreePlugin))))
[debug]   :: deduced result: Matched(sbt.plugins.CorePlugin,sbt.plugins.Giter8TemplatePlugin,sbt.plugins.IvyPlugin,sbt.plugins.JvmPlugin,sbt.plugins.MiniDependencyTreePlugin,sbt.plugins.JUnitXmlReportPlugin,sbt.plugins.SemanticdbPlugin)
[debug] Plugins.deducer#function took 2.544241 ms
[info] loading settings for project project from build.sbt ...
[debug]         Load.resolveProject(project) took 3.00198ms
[debug]       Load.loadTransitive: finalizeProject(Project(id project, base: /home/valeriie/Scala/Project, plugins: List(<none>))) took 6.501578ms
[debug] [Loading] Done in /home/valeriie/Scala/Project, returning: (project)
[debug]     Load.loadUnit: loadedProjectsRaw took 207.374988ms
[debug]     Load.loadUnit: cleanEvalClasses took 6.66766ms
[debug]   Load.loadUnit(file:/home/valeriie/Scala/Project/, ...) took 2531.832844ms
[debug] Load.apply: load took 2554.657824ms
[debug] Load.apply: resolveProjects took 0.209104ms
[debug] Load.apply: finalTransforms took 13.70876ms
[debug] Load.apply: config.delegates took 0.660417ms
[debug] Load.apply: Def.make(settings)... took 218.071433ms
[debug] Load.apply: structureIndex took 43.90875ms
[debug] Load.apply: mkStreams took 0.005866ms
[info] set current project to TelegramBot (in build file:/home/valeriie/Scala/Project/)
[debug] > Exec(sbtPopOnFailure, None, None)
[debug] > Exec(resumeFromFailure, None, None)
[debug] > Exec(notifyUsersAboutShell, None, None)
[debug] > Exec(iflast shell, None, None)
[debug] > Exec(shell, None, None)
[info] sbt server started at local:///home/valeriie/.sbt/1.0/server/8c4d5c176527dfcae61b/sock
[debug] Writing bsp connection file
[info] started sbt server
