[debug] > Exec(;set _root_.scala.collection.Seq(historyPath := None,shellPrompt := { _ => "" },SettingKey[_root_.scala.Option[_root_.sbt.File]]("sbtStructureOutputFile") in _root_.sbt.Global := _root_.scala.Some(_root_.sbt.file("/tmp/sbt-structure.xml")),SettingKey[_root_.java.lang.String]("sbtStructureOptions") in _root_.sbt.Global := "download, resolveClassifiers, insertProjectTransitiveDependencies");apply -cp "/home/valeriie/.local/share/JetBrains/IdeaIC2023.3/Scala/repo/org/jetbrains/scala/sbt-structure-extractor_2.12_1.3/2023.3.2/sbt-structure-extractor-2023.3.2.jar" org.jetbrains.sbt.CreateTasks;preferScala2;*/*:dumpStructure, Some(d6d22740-b3a3-4690-b9ab-81b18937861f), Some(CommandSource(console0)))
[debug] > Exec(set _root_.scala.collection.Seq(historyPath := None,shellPrompt := { _ => "" },SettingKey[_root_.scala.Option[_root_.sbt.File]]("sbtStructureOutputFile") in _root_.sbt.Global := _root_.scala.Some(_root_.sbt.file("/tmp/sbt-structure.xml")),SettingKey[_root_.java.lang.String]("sbtStructureOptions") in _root_.sbt.Global := "download, resolveClassifiers, insertProjectTransitiveDependencies"), None, Some(CommandSource(console0)))
[info] Defining Global / sbtStructureOptions, Global / sbtStructureOutputFile and 1 others.
[info] The new values will be used by cleanKeepGlobs
[info] 	Run `last` for details.
[debug] Defining 
[debug] 	Global / sbtStructureOptions
[debug] 	Global / sbtStructureOutputFile
[debug] 	history
[debug] 	shellPrompt
[debug] 
[debug] The new values will be used by 
[debug] 	cleanKeepGlobs
[info] Reapplying settings...
[info] set current project to TelegramBot (in build file:/home/valeriie/Scala/Project/)
[debug] > Exec(apply -cp "/home/valeriie/.local/share/JetBrains/IdeaIC2023.3/Scala/repo/org/jetbrains/scala/sbt-structure-extractor_2.12_1.3/2023.3.2/sbt-structure-extractor-2023.3.2.jar" org.jetbrains.sbt.CreateTasks, None, Some(CommandSource(console0)))
[info] Applying State transformations org.jetbrains.sbt.CreateTasks from /home/valeriie/.local/share/JetBrains/IdeaIC2023.3/Scala/repo/org/jetbrains/scala/sbt-structure-extractor_2.12_1.3/2023.3.2/sbt-structure-extractor-2023.3.2.jar
[info] Reapplying settings...
[info] set current project to TelegramBot (in build file:/home/valeriie/Scala/Project/)
[debug] > Exec(preferScala2, None, Some(CommandSource(console0)))
[debug] > Exec(*/*:dumpStructure, None, Some(CommandSource(console0)))
[debug] Evaluating tasks: Global / dumpStructure
[warn] sbt 0.13 shell syntax is deprecated; use slash syntax instead: Global / dumpStructure
[debug] Running task... Cancel: Signal, check cycles: false, forcegc: true
